# JRE version: OpenJDK Runtime Environment Temurin-22.0.1+8 (22.0.1+8) (build 22.0.1+8)
# Java VM: OpenJDK 64-Bit Server VM Temurin-22.0.1+8 (22.0.1+8, mixed mode, tiered, compressed oops, compressed class ptrs, g1 gc, bsd-amd64)
Heap:
 garbage-first heap   total reserved 4194304K, committed 980992K, used 327154K [0x0000000700000000, 0x0000000800000000)
  region size 2048K, 48 young (98304K), 1 survivors (2048K)
 Metaspace       used 18176K, committed 18432K, reserved 1114112K
  class space    used 1829K, committed 1984K, reserved 1048576K
GC Heap History (20 events):
Event: 4265.764 GC heap before
{Heap before GC invocations=2014 (full 0):
 garbage-first heap   total reserved 4194304K, committed 980992K, used 816495K [0x0000000700000000, 0x0000000800000000)
  region size 2048K, 287 young (587776K), 1 survivors (2048K)
 Metaspace       used 18176K, committed 18432K, reserved 1114112K
  class space    used 1829K, committed 1984K, reserved 1048576K
}
Event: 4265.765 GC heap after
{Heap after GC invocations=2015 (full 0):
 garbage-first heap   total reserved 4194304K, committed 980992K, used 230666K [0x0000000700000000, 0x0000000800000000)
  region size 2048K, 1 young (2048K), 1 survivors (2048K)
 Metaspace       used 18176K, committed 18432K, reserved 1114112K
  class space    used 1829K, committed 1984K, reserved 1048576K
}
Event: 4268.062 GC heap before
{Heap before GC invocations=2015 (full 0):
 garbage-first heap   total reserved 4194304K, committed 980992K, used 816394K [0x0000000700000000, 0x0000000800000000)
  region size 2048K, 287 young (587776K), 1 survivors (2048K)
 Metaspace       used 18176K, committed 18432K, reserved 1114112K
  class space    used 1829K, committed 1984K, reserved 1048576K
}
Event: 4268.063 GC heap after
{Heap after GC invocations=2016 (full 0):
 garbage-first heap   total reserved 4194304K, committed 980992K, used 230771K [0x0000000700000000, 0x0000000800000000)
  region size 2048K, 1 young (2048K), 1 survivors (2048K)
 Metaspace       used 18176K, committed 18432K, reserved 1114112K
  class space    used 1829K, committed 1984K, reserved 1048576K
}
Event: 4270.283 GC heap before
{Heap before GC invocations=2016 (full 0):
 garbage-first heap   total reserved 4194304K, committed 980992K, used 816499K [0x0000000700000000, 0x0000000800000000)
  region size 2048K, 287 young (587776K), 1 survivors (2048K)
 Metaspace       used 18176K, committed 18432K, reserved 1114112K
  class space    used 1829K, committed 1984K, reserved 1048576K
}
Event: 4270.285 GC heap after
{Heap after GC invocations=2017 (full 0):
 garbage-first heap   total reserved 4194304K, committed 980992K, used 230881K [0x0000000700000000, 0x0000000800000000)
  region size 2048K, 1 young (2048K), 1 survivors (2048K)
 Metaspace       used 18176K, committed 18432K, reserved 1114112K
  class space    used 1829K, committed 1984K, reserved 1048576K
}
Event: 4272.524 GC heap before
{Heap before GC invocations=2017 (full 0):
 garbage-first heap   total reserved 4194304K, committed 980992K, used 816609K [0x0000000700000000, 0x0000000800000000)
  region size 2048K, 287 young (587776K), 1 survivors (2048K)
 Metaspace       used 18176K, committed 18432K, reserved 1114112K
  class space    used 1829K, committed 1984K, reserved 1048576K
}
Event: 4272.525 GC heap after
{Heap after GC invocations=2018 (full 0):
 garbage-first heap   total reserved 4194304K, committed 980992K, used 230673K [0x0000000700000000, 0x0000000800000000)
  region size 2048K, 1 young (2048K), 1 survivors (2048K)
 Metaspace       used 18176K, committed 18432K, reserved 1114112K
  class space    used 1829K, committed 1984K, reserved 1048576K
}
Event: 4274.916 GC heap before
{Heap before GC invocations=2018 (full 0):
 garbage-first heap   total reserved 4194304K, committed 980992K, used 816401K [0x0000000700000000, 0x0000000800000000)
  region size 2048K, 287 young (587776K), 1 survivors (2048K)
 Metaspace       used 18176K, committed 18432K, reserved 1114112K
  class space    used 1829K, committed 1984K, reserved 1048576K
}
Event: 4274.917 GC heap after
{Heap after GC invocations=2019 (full 0):
 garbage-first heap   total reserved 4194304K, committed 980992K, used 230675K [0x0000000700000000, 0x0000000800000000)
  region size 2048K, 1 young (2048K), 1 survivors (2048K)
 Metaspace       used 18176K, committed 18432K, reserved 1114112K
  class space    used 1829K, committed 1984K, reserved 1048576K
}
Event: 4277.142 GC heap before
{Heap before GC invocations=2019 (full 0):
 garbage-first heap   total reserved 4194304K, committed 980992K, used 816403K [0x0000000700000000, 0x0000000800000000)
  region size 2048K, 287 young (587776K), 1 survivors (2048K)
 Metaspace       used 18176K, committed 18432K, reserved 1114112K
  class space    used 1829K, committed 1984K, reserved 1048576K
}
Event: 4277.144 GC heap after
{Heap after GC invocations=2020 (full 0):
 garbage-first heap   total reserved 4194304K, committed 980992K, used 231003K [0x0000000700000000, 0x0000000800000000)
  region size 2048K, 1 young (2048K), 1 survivors (2048K)
 Metaspace       used 18176K, committed 18432K, reserved 1114112K
  class space    used 1829K, committed 1984K, reserved 1048576K
}
Event: 4279.368 GC heap before
{Heap before GC invocations=2020 (full 0):
 garbage-first heap   total reserved 4194304K, committed 980992K, used 816731K [0x0000000700000000, 0x0000000800000000)
  region size 2048K, 287 young (587776K), 1 survivors (2048K)
 Metaspace       used 18176K, committed 18432K, reserved 1114112K
  class space    used 1829K, committed 1984K, reserved 1048576K
}
Event: 4279.370 GC heap after
{Heap after GC invocations=2021 (full 0):
 garbage-first heap   total reserved 4194304K, committed 980992K, used 230900K [0x0000000700000000, 0x0000000800000000)
  region size 2048K, 1 young (2048K), 1 survivors (2048K)
 Metaspace       used 18176K, committed 18432K, reserved 1114112K
  class space    used 1829K, committed 1984K, reserved 1048576K
}
Event: 4281.586 GC heap before
{Heap before GC invocations=2021 (full 0):
 garbage-first heap   total reserved 4194304K, committed 980992K, used 816628K [0x0000000700000000, 0x0000000800000000)
  region size 2048K, 287 young (587776K), 1 survivors (2048K)
 Metaspace       used 18176K, committed 18432K, reserved 1114112K
  class space    used 1829K, committed 1984K, reserved 1048576K
}
Event: 4281.587 GC heap after
{Heap after GC invocations=2022 (full 0):
 garbage-first heap   total reserved 4194304K, committed 980992K, used 230791K [0x0000000700000000, 0x0000000800000000)
  region size 2048K, 1 young (2048K), 1 survivors (2048K)
 Metaspace       used 18176K, committed 18432K, reserved 1114112K
  class space    used 1829K, committed 1984K, reserved 1048576K
}
Event: 4283.789 GC heap before
{Heap before GC invocations=2022 (full 0):
 garbage-first heap   total reserved 4194304K, committed 980992K, used 816519K [0x0000000700000000, 0x0000000800000000)
  region size 2048K, 287 young (587776K), 1 survivors (2048K)
 Metaspace       used 18176K, committed 18432K, reserved 1114112K
  class space    used 1829K, committed 1984K, reserved 1048576K
}
Event: 4283.791 GC heap after
{Heap after GC invocations=2023 (full 0):
 garbage-first heap   total reserved 4194304K, committed 980992K, used 230905K [0x0000000700000000, 0x0000000800000000)
  region size 2048K, 1 young (2048K), 1 survivors (2048K)
 Metaspace       used 18176K, committed 18432K, reserved 1114112K
  class space    used 1829K, committed 1984K, reserved 1048576K
}
Event: 4286.105 GC heap before
{Heap before GC invocations=2023 (full 0):
 garbage-first heap   total reserved 4194304K, committed 980992K, used 816633K [0x0000000700000000, 0x0000000800000000)
  region size 2048K, 287 young (587776K), 1 survivors (2048K)
 Metaspace       used 18176K, committed 18432K, reserved 1114112K
  class space    used 1829K, committed 1984K, reserved 1048576K
}
Event: 4286.108 GC heap after
{Heap after GC invocations=2024 (full 0):
 garbage-first heap   total reserved 4194304K, committed 980992K, used 230898K [0x0000000700000000, 0x0000000800000000)
  region size 2048K, 1 young (2048K), 1 survivors (2048K)
 Metaspace       used 18176K, committed 18432K, reserved 1114112K
  class space    used 1829K, committed 1984K, reserved 1048576K
}

