# JRE version: OpenJDK Runtime Environment Temurin-21.0.6+7 (21.0.6+7) (build 21.0.6+7-LTS)
# Java VM: OpenJDK 64-Bit Server VM Temurin-21.0.6+7 (21.0.6+7-LTS, mixed mode, sharing, tiered, compressed oops, compressed class ptrs, g1 gc, bsd-aarch64)
Heap:
 garbage-first heap   total 264192K, used 174877K [0x0000000700000000, 0x0000000800000000)
  region size 2048K, 75 young (153600K), 1 survivors (2048K)
 Metaspace       used 8848K, committed 9088K, reserved 1114112K
  class space    used 931K, committed 1024K, reserved 1048576K
GC Heap History (20 events):
Event: 11736.222 GC heap before
{Heap before GC invocations=263 (full 0):
 garbage-first heap   total 264192K, used 177793K [0x0000000700000000, 0x0000000800000000)
  region size 2048K, 76 young (155648K), 1 survivors (2048K)
 Metaspace       used 8848K, committed 9088K, reserved 1114112K
  class space    used 931K, committed 1024K, reserved 1048576K
}
Event: 11736.226 GC heap after
{Heap after GC invocations=264 (full 0):
 garbage-first heap   total 264192K, used 24188K [0x0000000700000000, 0x0000000800000000)
  region size 2048K, 1 young (2048K), 1 survivors (2048K)
 Metaspace       used 8848K, committed 9088K, reserved 1114112K
  class space    used 931K, committed 1024K, reserved 1048576K
}
Event: 11782.408 GC heap before
{Heap before GC invocations=264 (full 0):
 garbage-first heap   total 264192K, used 177788K [0x0000000700000000, 0x0000000800000000)
  region size 2048K, 76 young (155648K), 1 survivors (2048K)
 Metaspace       used 8848K, committed 9088K, reserved 1114112K
  class space    used 931K, committed 1024K, reserved 1048576K
}
Event: 11782.408 GC heap after
{Heap after GC invocations=265 (full 0):
 garbage-first heap   total 264192K, used 24192K [0x0000000700000000, 0x0000000800000000)
  region size 2048K, 1 young (2048K), 1 survivors (2048K)
 Metaspace       used 8848K, committed 9088K, reserved 1114112K
  class space    used 931K, committed 1024K, reserved 1048576K
}
Event: 11828.560 GC heap before
{Heap before GC invocations=265 (full 0):
 garbage-first heap   total 264192K, used 177792K [0x0000000700000000, 0x0000000800000000)
  region size 2048K, 76 young (155648K), 1 survivors (2048K)
 Metaspace       used 8848K, committed 9088K, reserved 1114112K
  class space    used 931K, committed 1024K, reserved 1048576K
}
Event: 11828.561 GC heap after
{Heap after GC invocations=266 (full 0):
 garbage-first heap   total 264192K, used 24193K [0x0000000700000000, 0x0000000800000000)
  region size 2048K, 1 young (2048K), 1 survivors (2048K)
 Metaspace       used 8848K, committed 9088K, reserved 1114112K
  class space    used 931K, committed 1024K, reserved 1048576K
}
Event: 11874.703 GC heap before
{Heap before GC invocations=266 (full 0):
 garbage-first heap   total 264192K, used 177793K [0x0000000700000000, 0x0000000800000000)
  region size 2048K, 76 young (155648K), 1 survivors (2048K)
 Metaspace       used 8848K, committed 9088K, reserved 1114112K
  class space    used 931K, committed 1024K, reserved 1048576K
}
Event: 11874.703 GC heap after
{Heap after GC invocations=267 (full 0):
 garbage-first heap   total 264192K, used 24191K [0x0000000700000000, 0x0000000800000000)
  region size 2048K, 1 young (2048K), 1 survivors (2048K)
 Metaspace       used 8848K, committed 9088K, reserved 1114112K
  class space    used 931K, committed 1024K, reserved 1048576K
}
Event: 11920.787 GC heap before
{Heap before GC invocations=267 (full 0):
 garbage-first heap   total 264192K, used 177791K [0x0000000700000000, 0x0000000800000000)
  region size 2048K, 76 young (155648K), 1 survivors (2048K)
 Metaspace       used 8848K, committed 9088K, reserved 1114112K
  class space    used 931K, committed 1024K, reserved 1048576K
}
Event: 11920.789 GC heap after
{Heap after GC invocations=268 (full 0):
 garbage-first heap   total 264192K, used 24193K [0x0000000700000000, 0x0000000800000000)
  region size 2048K, 1 young (2048K), 1 survivors (2048K)
 Metaspace       used 8848K, committed 9088K, reserved 1114112K
  class space    used 931K, committed 1024K, reserved 1048576K
}
Event: 11966.772 GC heap before
{Heap before GC invocations=268 (full 0):
 garbage-first heap   total 264192K, used 177793K [0x0000000700000000, 0x0000000800000000)
  region size 2048K, 76 young (155648K), 1 survivors (2048K)
 Metaspace       used 8848K, committed 9088K, reserved 1114112K
  class space    used 931K, committed 1024K, reserved 1048576K
}
Event: 11966.773 GC heap after
{Heap after GC invocations=269 (full 0):
 garbage-first heap   total 264192K, used 24194K [0x0000000700000000, 0x0000000800000000)
  region size 2048K, 1 young (2048K), 1 survivors (2048K)
 Metaspace       used 8848K, committed 9088K, reserved 1114112K
  class space    used 931K, committed 1024K, reserved 1048576K
}
Event: 12012.729 GC heap before
{Heap before GC invocations=269 (full 0):
 garbage-first heap   total 264192K, used 177794K [0x0000000700000000, 0x0000000800000000)
  region size 2048K, 76 young (155648K), 1 survivors (2048K)
 Metaspace       used 8848K, committed 9088K, reserved 1114112K
  class space    used 931K, committed 1024K, reserved 1048576K
}
Event: 12012.732 GC heap after
{Heap after GC invocations=270 (full 0):
 garbage-first heap   total 264192K, used 24185K [0x0000000700000000, 0x0000000800000000)
  region size 2048K, 1 young (2048K), 1 survivors (2048K)
 Metaspace       used 8848K, committed 9088K, reserved 1114112K
  class space    used 931K, committed 1024K, reserved 1048576K
}
Event: 12059.251 GC heap before
{Heap before GC invocations=270 (full 0):
 garbage-first heap   total 264192K, used 177785K [0x0000000700000000, 0x0000000800000000)
  region size 2048K, 76 young (155648K), 1 survivors (2048K)
 Metaspace       used 8848K, committed 9088K, reserved 1114112K
  class space    used 931K, committed 1024K, reserved 1048576K
}
Event: 12059.253 GC heap after
{Heap after GC invocations=271 (full 0):
 garbage-first heap   total 264192K, used 24192K [0x0000000700000000, 0x0000000800000000)
  region size 2048K, 1 young (2048K), 1 survivors (2048K)
 Metaspace       used 8848K, committed 9088K, reserved 1114112K
  class space    used 931K, committed 1024K, reserved 1048576K
}
Event: 12105.434 GC heap before
{Heap before GC invocations=271 (full 0):
 garbage-first heap   total 264192K, used 177792K [0x0000000700000000, 0x0000000800000000)
  region size 2048K, 76 young (155648K), 1 survivors (2048K)
 Metaspace       used 8848K, committed 9088K, reserved 1114112K
  class space    used 931K, committed 1024K, reserved 1048576K
}
Event: 12105.436 GC heap after
{Heap after GC invocations=272 (full 0):
 garbage-first heap   total 264192K, used 24193K [0x0000000700000000, 0x0000000800000000)
  region size 2048K, 1 young (2048K), 1 survivors (2048K)
 Metaspace       used 8848K, committed 9088K, reserved 1114112K
  class space    used 931K, committed 1024K, reserved 1048576K
}
Event: 12151.674 GC heap before
{Heap before GC invocations=272 (full 0):
 garbage-first heap   total 264192K, used 177793K [0x0000000700000000, 0x0000000800000000)
  region size 2048K, 76 young (155648K), 1 survivors (2048K)
 Metaspace       used 8848K, committed 9088K, reserved 1114112K
  class space    used 931K, committed 1024K, reserved 1048576K
}
Event: 12151.676 GC heap after
{Heap after GC invocations=273 (full 0):
 garbage-first heap   total 264192K, used 24191K [0x0000000700000000, 0x0000000800000000)
  region size 2048K, 1 young (2048K), 1 survivors (2048K)
 Metaspace       used 8848K, committed 9088K, reserved 1114112K
  class space    used 931K, committed 1024K, reserved 1048576K
}

