# JRE version: Java(TM) SE Runtime Environment (24.0+36) (build 24+36-3646)
# Java VM: Java HotSpot(TM) 64-Bit Server VM (24+36-3646, mixed mode, sharing, tiered, compressed oops, compressed class ptrs, g1 gc, bsd-aarch64)
Heap:
 garbage-first heap   total reserved 4194304K, committed 600064K, used 104539K [0x0000000700000000, 0x0000000800000000)
  region size 2048K, 7 young (14336K), 1 survivors (2048K)
 Metaspace       used 10190K, committed 10496K, reserved 1114112K
  class space    used 843K, committed 960K, reserved 1048576K
GC Heap History (20 events):
Event: 9614.083 GC heap before
{Heap before GC invocations=15625 (full 0):
 garbage-first heap   total reserved 4194304K, committed 600064K, used 449397K [0x0000000700000000, 0x0000000800000000)
  region size 2048K, 175 young (358400K), 1 survivors (2048K)
 Metaspace       used 10190K, committed 10496K, reserved 1114112K
  class space    used 843K, committed 960K, reserved 1048576K
}
Event: 9614.084 GC heap after
{Heap after GC invocations=15626 (full 0):
 garbage-first heap   total reserved 4194304K, committed 600064K, used 92864K [0x0000000700000000, 0x0000000800000000)
  region size 2048K, 1 young (2048K), 1 survivors (2048K)
 Metaspace       used 10190K, committed 10496K, reserved 1114112K
  class space    used 843K, committed 960K, reserved 1048576K
}
Event: 9615.436 GC heap before
{Heap before GC invocations=15626 (full 0):
 garbage-first heap   total reserved 4194304K, committed 600064K, used 449216K [0x0000000700000000, 0x0000000800000000)
  region size 2048K, 175 young (358400K), 1 survivors (2048K)
 Metaspace       used 10190K, committed 10496K, reserved 1114112K
  class space    used 843K, committed 960K, reserved 1048576K
}
Event: 9615.436 GC heap after
{Heap after GC invocations=15627 (full 0):
 garbage-first heap   total reserved 4194304K, committed 600064K, used 93080K [0x0000000700000000, 0x0000000800000000)
  region size 2048K, 1 young (2048K), 1 survivors (2048K)
 Metaspace       used 10190K, committed 10496K, reserved 1114112K
  class space    used 843K, committed 960K, reserved 1048576K
}
Event: 9616.778 GC heap before
{Heap before GC invocations=15627 (full 0):
 garbage-first heap   total reserved 4194304K, committed 600064K, used 449432K [0x0000000700000000, 0x0000000800000000)
  region size 2048K, 175 young (358400K), 1 survivors (2048K)
 Metaspace       used 10190K, committed 10496K, reserved 1114112K
  class space    used 843K, committed 960K, reserved 1048576K
}
Event: 9616.779 GC heap after
{Heap after GC invocations=15628 (full 0):
 garbage-first heap   total reserved 4194304K, committed 600064K, used 92941K [0x0000000700000000, 0x0000000800000000)
  region size 2048K, 1 young (2048K), 1 survivors (2048K)
 Metaspace       used 10190K, committed 10496K, reserved 1114112K
  class space    used 843K, committed 960K, reserved 1048576K
}
Event: 9618.144 GC heap before
{Heap before GC invocations=15628 (full 0):
 garbage-first heap   total reserved 4194304K, committed 600064K, used 449293K [0x0000000700000000, 0x0000000800000000)
  region size 2048K, 175 young (358400K), 1 survivors (2048K)
 Metaspace       used 10190K, committed 10496K, reserved 1114112K
  class space    used 843K, committed 960K, reserved 1048576K
}
Event: 9618.145 GC heap after
{Heap after GC invocations=15629 (full 0):
 garbage-first heap   total reserved 4194304K, committed 600064K, used 92974K [0x0000000700000000, 0x0000000800000000)
  region size 2048K, 1 young (2048K), 1 survivors (2048K)
 Metaspace       used 10190K, committed 10496K, reserved 1114112K
  class space    used 843K, committed 960K, reserved 1048576K
}
Event: 9619.414 GC heap before
{Heap before GC invocations=15629 (full 0):
 garbage-first heap   total reserved 4194304K, committed 600064K, used 449326K [0x0000000700000000, 0x0000000800000000)
  region size 2048K, 175 young (358400K), 1 survivors (2048K)
 Metaspace       used 10190K, committed 10496K, reserved 1114112K
  class space    used 843K, committed 960K, reserved 1048576K
}
Event: 9619.415 GC heap after
{Heap after GC invocations=15630 (full 0):
 garbage-first heap   total reserved 4194304K, committed 600064K, used 93178K [0x0000000700000000, 0x0000000800000000)
  region size 2048K, 1 young (2048K), 1 survivors (2048K)
 Metaspace       used 10190K, committed 10496K, reserved 1114112K
  class space    used 843K, committed 960K, reserved 1048576K
}
Event: 9620.745 GC heap before
{Heap before GC invocations=15630 (full 0):
 garbage-first heap   total reserved 4194304K, committed 600064K, used 449530K [0x0000000700000000, 0x0000000800000000)
  region size 2048K, 175 young (358400K), 1 survivors (2048K)
 Metaspace       used 10190K, committed 10496K, reserved 1114112K
  class space    used 843K, committed 960K, reserved 1048576K
}
Event: 9620.747 GC heap after
{Heap after GC invocations=15631 (full 0):
 garbage-first heap   total reserved 4194304K, committed 600064K, used 92948K [0x0000000700000000, 0x0000000800000000)
  region size 2048K, 1 young (2048K), 1 survivors (2048K)
 Metaspace       used 10190K, committed 10496K, reserved 1114112K
  class space    used 843K, committed 960K, reserved 1048576K
}
Event: 9622.099 GC heap before
{Heap before GC invocations=15631 (full 0):
 garbage-first heap   total reserved 4194304K, committed 600064K, used 449300K [0x0000000700000000, 0x0000000800000000)
  region size 2048K, 175 young (358400K), 1 survivors (2048K)
 Metaspace       used 10190K, committed 10496K, reserved 1114112K
  class space    used 843K, committed 960K, reserved 1048576K
}
Event: 9622.099 GC heap after
{Heap after GC invocations=15632 (full 0):
 garbage-first heap   total reserved 4194304K, committed 600064K, used 93097K [0x0000000700000000, 0x0000000800000000)
  region size 2048K, 1 young (2048K), 1 survivors (2048K)
 Metaspace       used 10190K, committed 10496K, reserved 1114112K
  class space    used 843K, committed 960K, reserved 1048576K
}
Event: 9623.441 GC heap before
{Heap before GC invocations=15632 (full 0):
 garbage-first heap   total reserved 4194304K, committed 600064K, used 449449K [0x0000000700000000, 0x0000000800000000)
  region size 2048K, 175 young (358400K), 1 survivors (2048K)
 Metaspace       used 10190K, committed 10496K, reserved 1114112K
  class space    used 843K, committed 960K, reserved 1048576K
}
Event: 9623.442 GC heap after
{Heap after GC invocations=15633 (full 0):
 garbage-first heap   total reserved 4194304K, committed 600064K, used 93061K [0x0000000700000000, 0x0000000800000000)
  region size 2048K, 1 young (2048K), 1 survivors (2048K)
 Metaspace       used 10190K, committed 10496K, reserved 1114112K
  class space    used 843K, committed 960K, reserved 1048576K
}
Event: 9624.717 GC heap before
{Heap before GC invocations=15633 (full 0):
 garbage-first heap   total reserved 4194304K, committed 600064K, used 449413K [0x0000000700000000, 0x0000000800000000)
  region size 2048K, 175 young (358400K), 1 survivors (2048K)
 Metaspace       used 10190K, committed 10496K, reserved 1114112K
  class space    used 843K, committed 960K, reserved 1048576K
}
Event: 9624.717 GC heap after
{Heap after GC invocations=15634 (full 0):
 garbage-first heap   total reserved 4194304K, committed 600064K, used 93066K [0x0000000700000000, 0x0000000800000000)
  region size 2048K, 1 young (2048K), 1 survivors (2048K)
 Metaspace       used 10190K, committed 10496K, reserved 1114112K
  class space    used 843K, committed 960K, reserved 1048576K
}
Event: 9626.241 GC heap before
{Heap before GC invocations=15634 (full 0):
 garbage-first heap   total reserved 4194304K, committed 600064K, used 449418K [0x0000000700000000, 0x0000000800000000)
  region size 2048K, 175 young (358400K), 1 survivors (2048K)
 Metaspace       used 10190K, committed 10496K, reserved 1114112K
  class space    used 843K, committed 960K, reserved 1048576K
}
Event: 9626.270 GC heap after
{Heap after GC invocations=15635 (full 0):
 garbage-first heap   total reserved 4194304K, committed 600064K, used 92760K [0x0000000700000000, 0x0000000800000000)
  region size 2048K, 1 young (2048K), 1 survivors (2048K)
 Metaspace       used 10190K, committed 10496K, reserved 1114112K
  class space    used 843K, committed 960K, reserved 1048576K
}

