# JRE version: Java(TM) SE Runtime Environment (24.0+36) (build 24+36-3646)
# Java VM: Java HotSpot(TM) 64-Bit Server VM (24+36-3646, mixed mode, sharing, tiered, compressed oops, compressed class ptrs, g1 gc, bsd-aarch64)
Heap:
 garbage-first heap   total reserved 4194304K, committed 264192K, used 225713K [0x0000000700000000, 0x0000000800000000)
  region size 2048K, 63 young (129024K), 1 survivors (2048K)
 Metaspace       used 9024K, committed 9280K, reserved 1114112K
  class space    used 770K, committed 896K, reserved 1048576K
GC Heap History (20 events):
Event: 1394.614 GC heap before
{Heap before GC invocations=2455 (full 0):
 garbage-first heap   total reserved 4194304K, committed 264192K, used 245681K [0x0000000700000000, 0x0000000800000000)
  region size 2048K, 72 young (147456K), 1 survivors (2048K)
 Metaspace       used 9024K, committed 9280K, reserved 1114112K
  class space    used 770K, committed 896K, reserved 1048576K
}
Event: 1394.615 GC heap after
{Heap after GC invocations=2456 (full 0):
 garbage-first heap   total reserved 4194304K, committed 264192K, used 100257K [0x0000000700000000, 0x0000000800000000)
  region size 2048K, 1 young (2048K), 1 survivors (2048K)
 Metaspace       used 9024K, committed 9280K, reserved 1114112K
  class space    used 770K, committed 896K, reserved 1048576K
}
Event: 1395.174 GC heap before
{Heap before GC invocations=2456 (full 0):
 garbage-first heap   total reserved 4194304K, committed 264192K, used 245665K [0x0000000700000000, 0x0000000800000000)
  region size 2048K, 72 young (147456K), 1 survivors (2048K)
 Metaspace       used 9024K, committed 9280K, reserved 1114112K
  class space    used 770K, committed 896K, reserved 1048576K
}
Event: 1395.175 GC heap after
{Heap after GC invocations=2457 (full 0):
 garbage-first heap   total reserved 4194304K, committed 264192K, used 99921K [0x0000000700000000, 0x0000000800000000)
  region size 2048K, 1 young (2048K), 1 survivors (2048K)
 Metaspace       used 9024K, committed 9280K, reserved 1114112K
  class space    used 770K, committed 896K, reserved 1048576K
}
Event: 1395.749 GC heap before
{Heap before GC invocations=2457 (full 0):
 garbage-first heap   total reserved 4194304K, committed 264192K, used 245329K [0x0000000700000000, 0x0000000800000000)
  region size 2048K, 72 young (147456K), 1 survivors (2048K)
 Metaspace       used 9024K, committed 9280K, reserved 1114112K
  class space    used 770K, committed 896K, reserved 1048576K
}
Event: 1395.750 GC heap after
{Heap after GC invocations=2458 (full 0):
 garbage-first heap   total reserved 4194304K, committed 264192K, used 100086K [0x0000000700000000, 0x0000000800000000)
  region size 2048K, 1 young (2048K), 1 survivors (2048K)
 Metaspace       used 9024K, committed 9280K, reserved 1114112K
  class space    used 770K, committed 896K, reserved 1048576K
}
Event: 1396.282 GC heap before
{Heap before GC invocations=2458 (full 0):
 garbage-first heap   total reserved 4194304K, committed 264192K, used 245494K [0x0000000700000000, 0x0000000800000000)
  region size 2048K, 72 young (147456K), 1 survivors (2048K)
 Metaspace       used 9024K, committed 9280K, reserved 1114112K
  class space    used 770K, committed 896K, reserved 1048576K
}
Event: 1396.283 GC heap after
{Heap after GC invocations=2459 (full 0):
 garbage-first heap   total reserved 4194304K, committed 264192K, used 100161K [0x0000000700000000, 0x0000000800000000)
  region size 2048K, 1 young (2048K), 1 survivors (2048K)
 Metaspace       used 9024K, committed 9280K, reserved 1114112K
  class space    used 770K, committed 896K, reserved 1048576K
}
Event: 1396.814 GC heap before
{Heap before GC invocations=2459 (full 0):
 garbage-first heap   total reserved 4194304K, committed 264192K, used 245569K [0x0000000700000000, 0x0000000800000000)
  region size 2048K, 72 young (147456K), 1 survivors (2048K)
 Metaspace       used 9024K, committed 9280K, reserved 1114112K
  class space    used 770K, committed 896K, reserved 1048576K
}
Event: 1396.814 GC heap after
{Heap after GC invocations=2460 (full 0):
 garbage-first heap   total reserved 4194304K, committed 264192K, used 100059K [0x0000000700000000, 0x0000000800000000)
  region size 2048K, 1 young (2048K), 1 survivors (2048K)
 Metaspace       used 9024K, committed 9280K, reserved 1114112K
  class space    used 770K, committed 896K, reserved 1048576K
}
Event: 1397.363 GC heap before
{Heap before GC invocations=2460 (full 0):
 garbage-first heap   total reserved 4194304K, committed 264192K, used 245467K [0x0000000700000000, 0x0000000800000000)
  region size 2048K, 72 young (147456K), 1 survivors (2048K)
 Metaspace       used 9024K, committed 9280K, reserved 1114112K
  class space    used 770K, committed 896K, reserved 1048576K
}
Event: 1397.364 GC heap after
{Heap after GC invocations=2461 (full 0):
 garbage-first heap   total reserved 4194304K, committed 264192K, used 100195K [0x0000000700000000, 0x0000000800000000)
  region size 2048K, 1 young (2048K), 1 survivors (2048K)
 Metaspace       used 9024K, committed 9280K, reserved 1114112K
  class space    used 770K, committed 896K, reserved 1048576K
}
Event: 1397.934 GC heap before
{Heap before GC invocations=2461 (full 0):
 garbage-first heap   total reserved 4194304K, committed 264192K, used 245603K [0x0000000700000000, 0x0000000800000000)
  region size 2048K, 72 young (147456K), 1 survivors (2048K)
 Metaspace       used 9024K, committed 9280K, reserved 1114112K
  class space    used 770K, committed 896K, reserved 1048576K
}
Event: 1397.935 GC heap after
{Heap after GC invocations=2462 (full 0):
 garbage-first heap   total reserved 4194304K, committed 264192K, used 99919K [0x0000000700000000, 0x0000000800000000)
  region size 2048K, 1 young (2048K), 1 survivors (2048K)
 Metaspace       used 9024K, committed 9280K, reserved 1114112K
  class space    used 770K, committed 896K, reserved 1048576K
}
Event: 1398.474 GC heap before
{Heap before GC invocations=2462 (full 0):
 garbage-first heap   total reserved 4194304K, committed 264192K, used 245327K [0x0000000700000000, 0x0000000800000000)
  region size 2048K, 72 young (147456K), 1 survivors (2048K)
 Metaspace       used 9024K, committed 9280K, reserved 1114112K
  class space    used 770K, committed 896K, reserved 1048576K
}
Event: 1398.475 GC heap after
{Heap after GC invocations=2463 (full 0):
 garbage-first heap   total reserved 4194304K, committed 264192K, used 100158K [0x0000000700000000, 0x0000000800000000)
  region size 2048K, 1 young (2048K), 1 survivors (2048K)
 Metaspace       used 9024K, committed 9280K, reserved 1114112K
  class space    used 770K, committed 896K, reserved 1048576K
}
Event: 1398.998 GC heap before
{Heap before GC invocations=2463 (full 0):
 garbage-first heap   total reserved 4194304K, committed 264192K, used 245566K [0x0000000700000000, 0x0000000800000000)
  region size 2048K, 72 young (147456K), 1 survivors (2048K)
 Metaspace       used 9024K, committed 9280K, reserved 1114112K
  class space    used 770K, committed 896K, reserved 1048576K
}
Event: 1398.999 GC heap after
{Heap after GC invocations=2464 (full 0):
 garbage-first heap   total reserved 4194304K, committed 264192K, used 100064K [0x0000000700000000, 0x0000000800000000)
  region size 2048K, 1 young (2048K), 1 survivors (2048K)
 Metaspace       used 9024K, committed 9280K, reserved 1114112K
  class space    used 770K, committed 896K, reserved 1048576K
}
Event: 1399.557 GC heap before
{Heap before GC invocations=2464 (full 0):
 garbage-first heap   total reserved 4194304K, committed 264192K, used 245472K [0x0000000700000000, 0x0000000800000000)
  region size 2048K, 72 young (147456K), 1 survivors (2048K)
 Metaspace       used 9024K, committed 9280K, reserved 1114112K
  class space    used 770K, committed 896K, reserved 1048576K
}
Event: 1399.557 GC heap after
{Heap after GC invocations=2465 (full 0):
 garbage-first heap   total reserved 4194304K, committed 264192K, used 100200K [0x0000000700000000, 0x0000000800000000)
  region size 2048K, 1 young (2048K), 1 survivors (2048K)
 Metaspace       used 9024K, committed 9280K, reserved 1114112K
  class space    used 770K, committed 896K, reserved 1048576K
}

